<?xml version="1.0" encoding="UTF-8"?>
<testng-results ignored="0" total="1" passed="1" failed="0" skipped="0">
  <reporter-output>
  </reporter-output>
  <suite started-at="2024-08-16T19:28:24 IST" name="Default suite" finished-at="2024-08-16T19:28:28 IST" duration-ms="4260">
    <groups>
    </groups>
    <test started-at="2024-08-16T19:28:24 IST" name="Default test" finished-at="2024-08-16T19:28:28 IST" duration-ms="4260">
      <class name="tests.ErailTest">
        <test-method is-config="true" signature="setUp()[pri:0, instance:tests.ErailTest@4c178a76]" started-at="2024-08-16T19:28:24 IST" name="setUp" finished-at="2024-08-16T19:28:27 IST" duration-ms="3334" status="PASS">
          <reporter-output>
          </reporter-output>
        </test-method> <!-- setUp -->
        <test-method signature="testStationNames()[pri:0, instance:tests.ErailTest@4c178a76]" started-at="2024-08-16T19:28:27 IST" name="testStationNames" finished-at="2024-08-16T19:28:28 IST" duration-ms="816" status="PASS">
          <reporter-output>
          </reporter-output>
        </test-method> <!-- testStationNames -->
        <test-method is-config="true" signature="tearDown()[pri:0, instance:tests.ErailTest@4c178a76]" started-at="2024-08-16T19:28:28 IST" name="tearDown" finished-at="2024-08-16T19:28:28 IST" duration-ms="91" status="PASS">
          <reporter-output>
          </reporter-output>
        </test-method> <!-- tearDown -->
      </class> <!-- tests.ErailTest -->
    </test> <!-- Default test -->
  </suite> <!-- Default suite -->
</testng-results>
